{"level":"error","message":"Error al cargar los carritos 13/10/2023, 9:15:01"}
{"level":"error","message":"Error al cargar los carritos 13/10/2023, 9:16:38"}
{"level":"error","message":"Error al cargar los carritos 13/10/2023, 9:18:50"}
{"level":"error","message":"Error al cargar los carritos 13/10/2023, 17:13:52"}
{"level":"error","message":"Error al cargar los carritos 13/10/2023, 17:17:36"}
{"level":"error","message":"Error al cargar los carritos 13/10/2023, 17:20:17"}
{"level":"error","message":"Error al cargar los carritos 13/10/2023, 17:22:55"}
{"level":"error","message":"Error al cargar los carritos 13/10/2023, 17:23:51"}
{"level":"error","message":"Error al cargar los carritos 13/10/2023, 17:26:49"}
{"level":"error","message":"Error al cargar los carritos 13/10/2023, 17:28:26"}
{"level":"error","message":"Error al cargar los carritos 13/10/2023, 17:30:16"}
{"level":"error","message":"Error al cargar los carritos 13/10/2023, 17:32:58"}
{"level":"error","message":"Error al cargar los carritos 13/10/2023, 17:34:48"}
{"level":"error","message":"Error al cargar los carritos 13/10/2023, 17:50:38"}
{"level":"error","message":"Error al cargar los carritos 13/10/2023, 17:51:11"}
{"level":"error","message":"Error al cargar los carritos 13/10/2023, 17:51:44"}
{"level":"error","message":"Error al cargar los carritos 13/10/2023, 17:52:04"}
{"level":"error","message":"Error al cargar los carritos 13/10/2023, 17:54:18"}
{"level":"error","message":"Error al cargar los carritos 13/10/2023, 17:54:55"}
{"level":"error","message":"Error al cargar los carritos 13/10/2023, 17:55:45"}
{"level":"error","message":"Error al cargar los carritos 13/10/2023, 17:56:17"}
{"level":"error","message":"Error al cargar los carritos 13/10/2023, 17:57:24"}
{"level":"error","message":"Authentication error. Failed to authenticate user 16/10/2023, 12:59:44"}
{"level":"error","message":"Authentication error. Failed to verify token 16/10/2023, 16:22:37"}
{"level":"error","message":"Authentication error. Failed to verify token 16/10/2023, 16:22:37"}
{"level":"error","message":"Authentication error. Failed to verify token 16/10/2023, 16:22:37"}
{"level":"error","message":"Authentication error. Failed to verify token 16/10/2023, 16:22:37"}
{"level":"error","message":"Authentication error. Failed to verify token 16/10/2023, 16:22:37"}
{"level":"error","message":"Authentication error. Failed to verify token 16/10/2023, 16:22:44"}
{"level":"error","message":"Authentication error. Failed to verify token 16/10/2023, 16:22:44"}
{"level":"error","message":"Authentication error. Failed to verify token 16/10/2023, 16:22:44"}
{"level":"error","message":"Authentication error. Failed to verify token 16/10/2023, 16:22:44"}
{"level":"error","message":"Authentication error. Failed to verify token 16/10/2023, 16:22:44"}
{"level":"error","message":"Authentication error. Failed to verify token 17/10/2023, 14:11:27"}
{"level":"error","message":"Authentication error. Failed to verify token 17/10/2023, 14:11:27"}
{"level":"error","message":"Authentication error. Failed to verify token 17/10/2023, 14:11:27"}
{"level":"error","message":"Authentication error. Failed to verify token 17/10/2023, 14:11:27"}
{"level":"error","message":"Authentication error. Failed to verify token 17/10/2023, 14:11:27"}
{"level":"error","message":"Authentication error. Failed to verify token 17/10/2023, 14:11:35"}
{"level":"error","message":"Authentication error. Failed to verify token 17/10/2023, 14:11:35"}
{"level":"error","message":"Authentication error. Failed to verify token 17/10/2023, 14:11:35"}
{"level":"error","message":"Authentication error. Failed to verify token 17/10/2023, 14:11:36"}
{"level":"error","message":"Authentication error. Failed to verify token 17/10/2023, 14:11:36"}
{"level":"error","message":"Error de tipo de dato: Error al finalizar la compra 17/10/2023, 15:44:38"}
{"level":"error","message":"Authentication error. Failed to verify token 17/10/2023, 15:45:35"}
{"level":"error","message":"Authentication error. Failed to verify token 17/10/2023, 15:45:35"}
{"level":"error","message":"Authentication error. Failed to verify token 17/10/2023, 15:45:41"}
{"level":"error","message":"Authentication error. Failed to verify token 17/10/2023, 15:45:41"}
{"level":"error","message":"Error de tipo de dato: Error al finalizar la compra 17/10/2023, 15:46:13"}
{"level":"error","message":"Error de tipo de dato: Error al finalizar la compra 17/10/2023, 15:50:16"}
{"level":"error","message":"Error de tipo de dato: Error al finalizar la compra 17/10/2023, 15:56:25"}
{"level":"error","message":"Error de tipo de dato: Error al finalizar la compra 17/10/2023, 15:57:18"}
{"level":"error","message":"Error de tipo de dato: Error al finalizar la compra 17/10/2023, 15:57:25"}
{"level":"error","message":"Error de tipo de dato: Error al finalizar la compra 17/10/2023, 15:59:17"}
{"level":"error","message":"Error de tipo de dato: Error al finalizar la compra 17/10/2023, 16:02:48"}
{"level":"error","message":"Error de tipo de dato: Error al finalizar la compra 17/10/2023, 19:50:20"}
{"level":"error","message":"Authentication error. Failed to verify token 17/10/2023, 20:16:07"}
{"level":"error","message":"Authentication error. Failed to verify token 17/10/2023, 20:16:07"}
{"level":"error","message":"Authentication error. Failed to verify token 17/10/2023, 20:19:57"}
{"level":"error","message":"Authentication error. Failed to verify token 17/10/2023, 20:19:57"}
{"level":"error","message":"Authentication error. Failed to verify token 18/10/2023, 10:03:17"}
{"level":"error","message":"Authentication error. Failed to verify token 18/10/2023, 10:03:18"}
{"level":"error","message":"Authentication error. Failed to verify token 18/10/2023, 14:00:16"}
{"level":"error","message":"Authentication error. Failed to verify token 18/10/2023, 14:00:16"}
{"level":"error","message":"Authentication error. User without permissions 18/10/2023, 14:31:41"}
{"level":"error","message":"Authentication error. User without permissions 18/10/2023, 14:32:39"}
{"level":"error","message":"Error de tipo de dato: Error al actualizar la contraseña 21/10/2023, 9:05:24"}
{"level":"error","message":"Error de tipo de dato: Error al actualizar la contraseña 21/10/2023, 9:07:54"}
{"level":"error","message":"Error de autenticación. El token no pudo ser verificado 21/10/2023, 9:17:31"}
{"level":"error","message":"Error de autenticación. El token no pudo ser verificado 21/10/2023, 9:20:53"}
{"level":"error","message":"Error de autenticación. El token no pudo ser verificado 21/10/2023, 9:21:33"}
{"level":"error","message":"Error de autenticación. El token no pudo ser verificado 21/10/2023, 9:22:12"}
{"level":"error","message":"Error de autenticación. El token no pudo ser verificado 21/10/2023, 9:36:38"}
{"level":"error","message":"Error de autenticación. El token no pudo ser verificado 21/10/2023, 9:37:44"}
{"level":"error","message":"Error de autenticación. El token no pudo ser verificado 21/10/2023, 9:39:28"}
{"level":"error","message":"Error de tipo de dato: Error al actualizar la contraseña 21/10/2023, 9:45:20"}
{"level":"error","message":"Error de tipo de dato: Error al actualizar la contraseña 21/10/2023, 9:46:14"}
{"level":"error","message":"Error de autenticación. El token no pudo ser verificado 21/10/2023, 10:00:26"}
{"level":"error","message":"Error de autenticación. El token no pudo ser verificado 21/10/2023, 15:45:21"}
{"level":"error","message":"Error de autenticación. El token no pudo ser verificado 21/10/2023, 15:45:39"}
{"level":"error","message":"Error de base de datos: La contraseña no puede ser igual a la anterior 21/10/2023, 16:03:38"}
{"level":"error","message":"Error de autenticación. El token no pudo ser verificado 21/10/2023, 16:03:54"}
{"level":"error","message":"Error de base de datos: La contraseña no puede ser igual a la anterior 21/10/2023, 16:04:15"}
{"level":"error","message":"Error de base de datos: La contraseña no puede ser igual a la anterior 21/10/2023, 16:06:21"}
{"level":"error","message":"Error de autenticación. El token no pudo ser verificado 21/10/2023, 16:06:44"}
{"level":"error","message":"Error de base de datos: La contraseña no puede ser igual a la anterior 21/10/2023, 16:09:13"}
{"level":"error","message":"Error de autenticación. El token no pudo ser verificado 21/10/2023, 16:13:15"}
{"level":"error","message":"Error de base de autenticación: La contraseña no puede ser igual a la anterior 21/10/2023, 16:13:37"}
{"level":"error","message":"Error de base de autenticación: La contraseña no puede ser igual a la anterior 21/10/2023, 16:14:10"}
{"level":"error","message":"Error de base de autenticación: La contraseña no puede ser igual a la anterior 21/10/2023, 16:14:49"}
{"level":"error","message":"Error de base de autenticación: La contraseña no puede ser igual a la anterior 21/10/2023, 16:15:46"}
{"level":"error","message":"Error de base de autenticación: La contraseña no puede ser igual a la anterior 21/10/2023, 16:16:23"}
{"level":"error","message":"Error de base de autenticación: La contraseña no puede ser igual a la anterior 21/10/2023, 16:22:25"}
{"level":"error","message":"Error de autenticación. El token no pudo ser verificado 21/10/2023, 16:44:58"}
{"level":"error","message":"Error de autenticación. El token no pudo ser verificado 21/10/2023, 16:45:58"}
{"level":"error","message":"Error de autenticación. El token no pudo ser verificado 21/10/2023, 16:46:10"}
{"level":"error","message":"Error de autenticación. El token no pudo ser verificado 21/10/2023, 16:50:29"}
{"level":"error","message":"Error de base de autenticación: La contraseña no puede ser igual a la anterior 21/10/2023, 19:45:17"}
{"level":"error","message":"Error de base de autenticación: La contraseña no puede ser igual a la anterior 21/10/2023, 19:46:09"}
{"level":"error","message":"Error de base de autenticación: La contraseña no puede ser igual a la anterior 21/10/2023, 19:48:23"}
{"level":"error","message":"Error de autenticación. El token no pudo ser verificado 21/10/2023, 19:49:18"}
{"level":"error","message":"Error de autenticación. El token no pudo ser verificado 21/10/2023, 19:55:10"}
{"level":"error","message":"Error de autenticación. El token no pudo ser verificado 21/10/2023, 19:56:13"}
{"level":"error","message":"Error de autenticación. El token no pudo ser verificado 21/10/2023, 19:58:38"}
{"level":"error","message":"Error de autenticación. El token no pudo ser verificado 21/10/2023, 20:00:35"}
{"level":"error","message":"Error de base de autenticación: La contraseña no puede ser igual a la anterior 21/10/2023, 20:01:09"}
{"level":"error","message":"Error de base de datos: Usuario no encontrado 21/10/2023, 20:39:26"}
{"level":"error","message":"Authentication error. Failed to verify token 22/10/2023, 9:55:02"}
{"level":"error","message":"Authentication error. Failed to verify token 22/10/2023, 9:55:02"}
{"level":"error","message":"Authentication error. Failed to verify token 22/10/2023, 9:55:02"}
{"level":"error","message":"Authentication error. Failed to verify token 22/10/2023, 9:55:02"}
{"level":"error","message":"Authentication error. Failed to verify token 22/10/2023, 9:55:02"}
{"level":"error","message":"Authentication error. User without permissions 22/10/2023, 13:21:09"}
{"level":"error","message":"Error de autenticación. Usuario sin paermisos 22/10/2023, 13:31:39"}
{"level":"error","message":"Error de autenticación. Usuario sin paermisos 22/10/2023, 13:32:19"}
{"level":"error","message":"Error de autenticación. Usuario sin paermisos 22/10/2023, 13:34:35"}
{"level":"error","message":"Error de autenticación. Usuario sin paermisos 22/10/2023, 13:36:22"}
{"level":"error","message":"Error de autenticación. Usuario sin paermisos 22/10/2023, 13:36:22"}
{"level":"error","message":"Error de autenticación. Usuario sin paermisos 22/10/2023, 13:36:22"}
{"level":"error","message":"Error de autenticación. Usuario sin paermisos 22/10/2023, 13:36:22"}
{"level":"error","message":"Error de autenticación. Usuario sin paermisos 22/10/2023, 13:36:22"}
{"level":"error","message":"Error de autenticación. Usuario sin paermisos 22/10/2023, 13:37:48"}
{"level":"error","message":"Error de autenticación. Usuario sin paermisos 22/10/2023, 13:37:48"}
{"level":"error","message":"Error de autenticación. Usuario sin paermisos 22/10/2023, 13:37:48"}
{"level":"error","message":"Error de autenticación. Usuario sin paermisos 22/10/2023, 13:37:48"}
{"level":"error","message":"Error de autenticación. Usuario sin paermisos 22/10/2023, 13:37:48"}
{"level":"error","message":"Error de autenticación. Usuario sin paermisos 22/10/2023, 13:39:19"}
{"level":"error","message":"Error de autenticación. Usuario sin paermisos 22/10/2023, 13:39:19"}
{"level":"error","message":"Error de autenticación. Usuario sin paermisos 22/10/2023, 13:39:19"}
{"level":"error","message":"Error de autenticación: Usuario no autorizado. 22/10/2023, 13:45:10"}
{"level":"error","message":"Error de autenticación: Usuario no autorizado. 22/10/2023, 13:45:10"}
{"level":"error","message":"Error de autenticación: Usuario no autorizado. 22/10/2023, 13:45:10"}
{"level":"error","message":"Error de autenticación: Usuario no autorizado. 22/10/2023, 13:45:10"}
{"level":"error","message":"Error de autenticación: Usuario no autorizado. 22/10/2023, 13:45:10"}
{"level":"error","message":"Error de autenticación: Usuario no autorizado. 22/10/2023, 13:46:04"}
{"level":"error","message":"Error de autenticación: Usuario no autorizado. 22/10/2023, 13:46:04"}
{"level":"error","message":"Error de autenticación: Usuario no autorizado. 22/10/2023, 13:46:04"}
{"level":"error","message":"Error de autenticación: Usuario no autorizado. 22/10/2023, 13:46:04"}
{"level":"error","message":"Error de autenticación: Usuario no autorizado. 22/10/2023, 13:46:04"}
